生成启动时间为 2017/3/14 14:53:23。
     1>项目“E:\DuoDuoYiShan\Phoenix\trunk\Phoenix\PX2AppPlayer\PX2AppPlayerConsole.vcxproj”在节点 2 上(Build 个目标)。
     1>C:\Program Files (x86)\MSBuild\Microsoft.Cpp\v4.0\V120\Microsoft.CppBuild.targets(364,5): warning MSB8004: Output Directory does not end with a trailing slash.  This build instance will add the slash as it is required to allow proper evaluation of the Output Directory.
     1>C:\Program Files (x86)\MSBuild\Microsoft.Cpp\v4.0\V120\Microsoft.CppBuild.targets(388,5): warning MSB8028: The intermediate directory (_OutPut\v120\Win32\OpenGLRelease\) contains files shared from another project (PX2AppPlayer.vcxproj).  This can lead to incorrect clean and rebuild behavior.
     1>ClCompile:
         C:\Program Files (x86)\Microsoft Visual Studio 12.0\VC\bin\CL.exe /c /I.\ /I..\PX2SDK/Include /I.\AppFrame /Zi /nologo /W4 /WX- /O2 /Oi /Oy- /GL /D WIN32 /D NDEBUG /D _WINDOWS /D WIN32_LEAN_AND_MEAN /D PX2_ENGINE_DLL_IMPORT /D PX2_APPPLAYER_CONSOLE /D _MBCS /Gm- /EHsc /MD /GS /Gy /fp:precise /Zc:wchar_t /Zc:forScope /Fo"_OutPut\v120\Win32\OpenGLRelease\\" /Fd"_OutPut\v120\Win32\OpenGLRelease\vc120.pdb" /Gd /TP /analyze- /errorReport:prompt AppPlayerApp.cpp PX2Command.cpp
         AppPlayerApp.cpp
     1>e:\duoduoyishan\phoenix\trunk\phoenix\px2sdk\include\PX2NetEventBuffer.hpp(104): warning C4127: 条件表达式是常量
     1>e:\duoduoyishan\phoenix\trunk\phoenix\px2sdk\include\PX2NetEventBuffer.hpp(108): warning C4127: 条件表达式是常量
         PX2Command.cpp
     1>e:\duoduoyishan\phoenix\trunk\phoenix\px2sdk\include\PX2NetEventBuffer.hpp(104): warning C4127: 条件表达式是常量
     1>e:\duoduoyishan\phoenix\trunk\phoenix\px2sdk\include\PX2NetEventBuffer.hpp(108): warning C4127: 条件表达式是常量
       Link:
         C:\Program Files (x86)\Microsoft Visual Studio 12.0\VC\bin\link.exe /ERRORREPORT:PROMPT /OUT:"..\..\Bin\AppPlayerOpenGLConsole.exe" /INCREMENTAL /NOLOGO /LIBPATH:..\PX2SDK\Library\v120\Win32\OpenGLRelease PX2EngineOpenGL.lib kernel32.lib user32.lib gdi32.lib winspool.lib comdlg32.lib advapi32.lib shell32.lib ole32.lib oleaut32.lib uuid.lib odbc32.lib odbccp32.lib /MANIFEST /MANIFESTUAC:"level='asInvoker' uiAccess='false'" /manifest:embed /DEBUG /PDB:"..\..\Bin\AppPlayerOpenGLConsole.pdb" /SUBSYSTEM:WINDOWS /TLBID:1 /ENTRY:"mainCRTStartup" /DYNAMICBASE /NXCOMPAT /IMPLIB:"..\..\Bin\AppPlayerOpenGLConsole.lib" /MACHINE:X86 _OutPut\v120\Win32\OpenGLRelease\AppPlayerApp.obj
         _OutPut\v120\Win32\OpenGLRelease\PX2App.obj
         _OutPut\v120\Win32\OpenGLRelease\PX2AppBase.obj
         _OutPut\v120\Win32\OpenGLRelease\PX2Command.obj
         AppPlayerApp.obj : 找到 MSIL .netmodule 或使用 /GL 编译的模块；正在使用 /LTCG 重新启动链接；将 /LTCG 添加到链接命令行以改进链接器性能
     1>LINK : warning LNK4075: 忽略“/INCREMENTAL”(由于“/LTCG”规范)
         正在生成代码
         已完成代码的生成
         PX2AppPlayerConsole.vcxproj -> E:\DuoDuoYiShan\Phoenix\trunk\Phoenix\PX2AppPlayer\..\..\Bin\AppPlayerOpenGLConsole.exe
     1>已完成生成项目“E:\DuoDuoYiShan\Phoenix\trunk\Phoenix\PX2AppPlayer\PX2AppPlayerConsole.vcxproj”(Build 个目标)的操作。

生成成功。

已用时间 00:00:05.27
