生成启动时间为 2017/4/14 13:33:48。
     1>项目“E:\DuoDuoYiShan\Phoenix\trunk\Phoenix\PX2AppPlayer\PX2AppPlayer.vcxproj”在节点 2 上(Build 个目标)。
     1>C:\Program Files (x86)\MSBuild\Microsoft.Cpp\v4.0\V120\Microsoft.CppBuild.targets(364,5): warning MSB8004: Output Directory does not end with a trailing slash.  This build instance will add the slash as it is required to allow proper evaluation of the Output Directory.
     1>ClCompile:
         C:\Program Files (x86)\Microsoft Visual Studio 12.0\VC\bin\CL.exe /c /I.\ /I..\PX2SDK/Include /I.\AppFrame /ZI /nologo /W4 /WX- /Od /Oy- /D WIN32 /D _DEBUG /D _WINDOWS /D WIN32_LEAN_AND_MEAN /D PX2_ENGINE_DLL_IMPORT /D _MBCS /Gm /EHsc /RTC1 /MDd /GS /fp:precise /Zc:wchar_t /Zc:forScope /Fo"_OutPut\v120\Win32\OpenGLDebug\\" /Fd"_OutPut\v120\Win32\OpenGLDebug\vc120.pdb" /Gd /TP /analyze- /errorReport:prompt AppPlayerApp.cpp PX2App.cpp PX2AppBase.cpp PX2Command.cpp
         AppPlayerApp.cpp
     1>e:\duoduoyishan\phoenix\trunk\phoenix\px2sdk\include\px2neteventbuffer.hpp(104): warning C4127: 条件表达式是常量
     1>e:\duoduoyishan\phoenix\trunk\phoenix\px2sdk\include\px2neteventbuffer.hpp(108): warning C4127: 条件表达式是常量
         正在生成代码...
         正在编译...
         PX2Command.cpp
     1>e:\duoduoyishan\phoenix\trunk\phoenix\px2sdk\include\px2neteventbuffer.hpp(104): warning C4127: 条件表达式是常量
     1>e:\duoduoyishan\phoenix\trunk\phoenix\px2sdk\include\px2neteventbuffer.hpp(108): warning C4127: 条件表达式是常量
         PX2AppBase.cpp
     1>e:\duoduoyishan\phoenix\trunk\phoenix\px2sdk\include\px2neteventbuffer.hpp(104): warning C4127: 条件表达式是常量
     1>e:\duoduoyishan\phoenix\trunk\phoenix\px2sdk\include\px2neteventbuffer.hpp(108): warning C4127: 条件表达式是常量
         PX2App.cpp
     1>e:\duoduoyishan\phoenix\trunk\phoenix\px2sdk\include\px2neteventbuffer.hpp(104): warning C4127: 条件表达式是常量
     1>e:\duoduoyishan\phoenix\trunk\phoenix\px2sdk\include\px2neteventbuffer.hpp(108): warning C4127: 条件表达式是常量
         正在生成代码...
       Link:
         C:\Program Files (x86)\Microsoft Visual Studio 12.0\VC\bin\link.exe /ERRORREPORT:PROMPT /OUT:"..\..\Bin\AppPlayerOpenGLD.exe" /INCREMENTAL /NOLOGO /LIBPATH:..\PX2SDK\Library\v120\Win32\OpenGLDebug PX2EngineOpenGLD.lib kernel32.lib user32.lib gdi32.lib winspool.lib comdlg32.lib advapi32.lib shell32.lib ole32.lib oleaut32.lib uuid.lib odbc32.lib odbccp32.lib /MANIFEST /MANIFESTUAC:"level='asInvoker' uiAccess='false'" /manifest:embed /DEBUG /PDB:"..\..\Bin\AppPlayerOpenGLD.pdb" /SUBSYSTEM:WINDOWS /TLBID:1 /ENTRY:"mainCRTStartup" /DYNAMICBASE /NXCOMPAT /IMPLIB:"..\..\Bin\AppPlayerOpenGLD.lib" /MACHINE:X86 _OutPut\v120\Win32\OpenGLDebug\AppPlayerApp.obj
         _OutPut\v120\Win32\OpenGLDebug\PX2App.obj
         _OutPut\v120\Win32\OpenGLDebug\PX2AppBase.obj
         _OutPut\v120\Win32\OpenGLDebug\PX2Command.obj
         PX2AppPlayer.vcxproj -> E:\DuoDuoYiShan\Phoenix\trunk\Phoenix\PX2AppPlayer\..\..\Bin\AppPlayerOpenGLD.exe
     1>已完成生成项目“E:\DuoDuoYiShan\Phoenix\trunk\Phoenix\PX2AppPlayer\PX2AppPlayer.vcxproj”(Build 个目标)的操作。

生成成功。

已用时间 00:00:08.24
